#-----------------------------------------------------------
# Vivado v2018.2 (64-bit)
# SW Build 2258646 on Thu Jun 14 20:03:12 MDT 2018
# IP Build 2256618 on Thu Jun 14 22:10:49 MDT 2018
# Start of session at: Thu Apr  2 10:07:08 2020
# Process ID: 9972
# Current directory: F:/19SEM2/EE2026/EE_Project/EE2026-Project
# Command line: vivado.exe -gui_launcher_event rodinguilauncherevent7404 F:\19SEM2\EE2026\EE_Project\EE2026-Project\SoundDisplay.xpr
# Log file: F:/19SEM2/EE2026/EE_Project/EE2026-Project/vivado.log
# Journal file: F:/19SEM2/EE2026/EE_Project/EE2026-Project\vivado.jou
#-----------------------------------------------------------
start_gui
open_project F:/19SEM2/EE2026/EE_Project/EE2026-Project/SoundDisplay.xpr
Scanning sources...
Finished scanning sources
WARNING: [filemgmt 56-3] IPUserFilesDir: Could not find the directory 'F:/19SEM2/EE2026/EE_Project/EE2026-Project/SoundDisplay.ip_user_files'.
INFO: [IP_Flow 19-234] Refreshing IP repositories
INFO: [IP_Flow 19-1704] No user IP repositories specified
INFO: [IP_Flow 19-2313] Loaded Vivado IP repository 'D:/Xilinx/Vivado/2018.2/data/ip'.
open_project: Time (s): cpu = 00:00:15 ; elapsed = 00:00:17 . Memory (MB): peak = 782.477 ; gain = 64.949
uupdate_compile_order -fileset sources_1exit
INFO: [Common 17-206] Exiting Vivado at Thu Apr  2 10:23:34 2020...

